# JRE version: Java(TM) SE Runtime Environment (8.0_65-b17) (build 1.8.0_65-b17)
# Java VM: Java HotSpot(TM) 64-Bit Server VM (25.65-b01 mixed mode windows-amd64 compressed oops)
Heap:
 PSYoungGen      total 254464K, used 23115K [0x00000000ecc00000, 0x00000000fe700000, 0x0000000100000000)
  eden space 239616K, 3% used [0x00000000ecc00000,0x00000000ed41a760,0x00000000fb600000)
  from space 14848K, 99% used [0x00000000fc780000,0x00000000fd5f8848,0x00000000fd600000)
  to   space 17920K, 0% used [0x00000000fb600000,0x00000000fb600000,0x00000000fc780000)
 ParOldGen       total 62976K, used 29631K [0x00000000c6400000, 0x00000000ca180000, 0x00000000ecc00000)
  object space 62976K, 47% used [0x00000000c6400000,0x00000000c80efc80,0x00000000ca180000)
 Metaspace       used 47294K, capacity 48284K, committed 48512K, reserved 1091584K
  class space    used 6031K, capacity 6270K, committed 6272K, reserved 1048576K
GC Heap History (10 events):
Event: 30.751 GC heap before
{Heap before GC invocations=10 (full 1):
 PSYoungGen      total 128000K, used 6343K [0x00000000ecc00000, 0x00000000f9800000, 0x0000000100000000)
  eden space 120832K, 0% used [0x00000000ecc00000,0x00000000ecc00000,0x00000000f4200000)
  from space 7168K, 88% used [0x00000000f4200000,0x00000000f4831f98,0x00000000f4900000)
  to   space 7680K, 0% used [0x00000000f9080000,0x00000000f9080000,0x00000000f9800000)
 ParOldGen       total 39936K, used 9591K [0x00000000c6400000, 0x00000000c8b00000, 0x00000000ecc00000)
  object space 39936K, 24% used [0x00000000c6400000,0x00000000c6d5df28,0x00000000c8b00000)
 Metaspace       used 20819K, capacity 20988K, committed 21296K, reserved 1069056K
  class space    used 2552K, capacity 2602K, committed 2688K, reserved 1048576K
Event: 31.188 GC heap after
Heap after GC invocations=10 (full 1):
 PSYoungGen      total 128000K, used 0K [0x00000000ecc00000, 0x00000000f9800000, 0x0000000100000000)
  eden space 120832K, 0% used [0x00000000ecc00000,0x00000000ecc00000,0x00000000f4200000)
  from space 7168K, 0% used [0x00000000f4200000,0x00000000f4200000,0x00000000f4900000)
  to   space 7680K, 0% used [0x00000000f9080000,0x00000000f9080000,0x00000000f9800000)
 ParOldGen       total 35840K, used 13034K [0x00000000c6400000, 0x00000000c8700000, 0x00000000ecc00000)
  object space 35840K, 36% used [0x00000000c6400000,0x00000000c70ba8f0,0x00000000c8700000)
 Metaspace       used 20819K, capacity 20988K, committed 21296K, reserved 1069056K
  class space    used 2552K, capacity 2602K, committed 2688K, reserved 1048576K
}
Event: 39.530 GC heap before
{Heap before GC invocations=11 (full 1):
 PSYoungGen      total 128000K, used 120832K [0x00000000ecc00000, 0x00000000f9800000, 0x0000000100000000)
  eden space 120832K, 100% used [0x00000000ecc00000,0x00000000f4200000,0x00000000f4200000)
  from space 7168K, 0% used [0x00000000f4200000,0x00000000f4200000,0x00000000f4900000)
  to   space 7680K, 0% used [0x00000000f9080000,0x00000000f9080000,0x00000000f9800000)
 ParOldGen       total 35840K, used 13034K [0x00000000c6400000, 0x00000000c8700000, 0x00000000ecc00000)
  object space 35840K, 36% used [0x00000000c6400000,0x00000000c70ba8f0,0x00000000c8700000)
 Metaspace       used 26522K, capacity 26758K, committed 27136K, reserved 1073152K
  class space    used 3235K, capacity 3265K, committed 3328K, reserved 1048576K
Event: 39.594 GC heap after
Heap after GC invocations=11 (full 1):
 PSYoungGen      total 180224K, used 7663K [0x00000000ecc00000, 0x00000000f9800000, 0x0000000100000000)
  eden space 172544K, 0% used [0x00000000ecc00000,0x00000000ecc00000,0x00000000f7480000)
  from space 7680K, 99% used [0x00000000f9080000,0x00000000f97fbe40,0x00000000f9800000)
  to   space 9728K, 0% used [0x00000000f8500000,0x00000000f8500000,0x00000000f8e80000)
 ParOldGen       total 35840K, used 16016K [0x00000000c6400000, 0x00000000c8700000, 0x00000000ecc00000)
  object space 35840K, 44% used [0x00000000c6400000,0x00000000c73a4190,0x00000000c8700000)
 Metaspace       used 26522K, capacity 26758K, committed 27136K, reserved 1073152K
  class space    used 3235K, capacity 3265K, committed 3328K, reserved 1048576K
}
Event: 53.269 GC heap before
{Heap before GC invocations=12 (full 1):
 PSYoungGen      total 180224K, used 175134K [0x00000000ecc00000, 0x00000000f9800000, 0x0000000100000000)
  eden space 172544K, 97% used [0x00000000ecc00000,0x00000000f6f8bc70,0x00000000f7480000)
  from space 7680K, 99% used [0x00000000f9080000,0x00000000f97fbe40,0x00000000f9800000)
  to   space 9728K, 0% used [0x00000000f8500000,0x00000000f8500000,0x00000000f8e80000)
 ParOldGen       total 35840K, used 16016K [0x00000000c6400000, 0x00000000c8700000, 0x00000000ecc00000)
  object space 35840K, 44% used [0x00000000c6400000,0x00000000c73a4190,0x00000000c8700000)
 Metaspace       used 34588K, capacity 35380K, committed 35456K, reserved 1081344K
  class space    used 4268K, capacity 4430K, committed 4480K, reserved 1048576K
Event: 53.469 GC heap after
Heap after GC invocations=12 (full 1):
 PSYoungGen      total 199168K, used 9727K [0x00000000ecc00000, 0x00000000fd600000, 0x0000000100000000)
  eden space 189440K, 0% used [0x00000000ecc00000,0x00000000ecc00000,0x00000000f8500000)
  from space 9728K, 99% used [0x00000000f8500000,0x00000000f8e7fe60,0x00000000f8e80000)
  to   space 14848K, 0% used [0x00000000fc780000,0x00000000fc780000,0x00000000fd600000)
 ParOldGen       total 35840K, used 26316K [0x00000000c6400000, 0x00000000c8700000, 0x00000000ecc00000)
  object space 35840K, 73% used [0x00000000c6400000,0x00000000c7db3150,0x00000000c8700000)
 Metaspace       used 34588K, capacity 35380K, committed 35456K, reserved 1081344K
  class space    used 4268K, capacity 4430K, committed 4480K, reserved 1048576K
}
Event: 53.469 GC heap before
{Heap before GC invocations=13 (full 2):
 PSYoungGen      total 199168K, used 9727K [0x00000000ecc00000, 0x00000000fd600000, 0x0000000100000000)
  eden space 189440K, 0% used [0x00000000ecc00000,0x00000000ecc00000,0x00000000f8500000)
  from space 9728K, 99% used [0x00000000f8500000,0x00000000f8e7fe60,0x00000000f8e80000)
  to   space 14848K, 0% used [0x00000000fc780000,0x00000000fc780000,0x00000000fd600000)
 ParOldGen       total 35840K, used 26316K [0x00000000c6400000, 0x00000000c8700000, 0x00000000ecc00000)
  object space 35840K, 73% used [0x00000000c6400000,0x00000000c7db3150,0x00000000c8700000)
 Metaspace       used 34588K, capacity 35380K, committed 35456K, reserved 1081344K
  class space    used 4268K, capacity 4430K, committed 4480K, reserved 1048576K
Event: 54.158 GC heap after
Heap after GC invocations=13 (full 2):
 PSYoungGen      total 199168K, used 0K [0x00000000ecc00000, 0x00000000fd600000, 0x0000000100000000)
  eden space 189440K, 0% used [0x00000000ecc00000,0x00000000ecc00000,0x00000000f8500000)
  from space 9728K, 0% used [0x00000000f8500000,0x00000000f8500000,0x00000000f8e80000)
  to   space 14848K, 0% used [0x00000000fc780000,0x00000000fc780000,0x00000000fd600000)
 ParOldGen       total 62976K, used 28151K [0x00000000c6400000, 0x00000000ca180000, 0x00000000ecc00000)
  object space 62976K, 44% used [0x00000000c6400000,0x00000000c7f7dce8,0x00000000ca180000)
 Metaspace       used 34588K, capacity 35380K, committed 35456K, reserved 1081344K
  class space    used 4268K, capacity 4430K, committed 4480K, reserved 1048576K
}
Event: 69.762 GC heap before
{Heap before GC invocations=14 (full 2):
 PSYoungGen      total 199168K, used 189440K [0x00000000ecc00000, 0x00000000fd600000, 0x0000000100000000)
  eden space 189440K, 100% used [0x00000000ecc00000,0x00000000f8500000,0x00000000f8500000)
  from space 9728K, 0% used [0x00000000f8500000,0x00000000f8500000,0x00000000f8e80000)
  to   space 14848K, 0% used [0x00000000fc780000,0x00000000fc780000,0x00000000fd600000)
 ParOldGen       total 62976K, used 28151K [0x00000000c6400000, 0x00000000ca180000, 0x00000000ecc00000)
  object space 62976K, 44% used [0x00000000c6400000,0x00000000c7f7dce8,0x00000000ca180000)
 Metaspace       used 47042K, capacity 48042K, committed 48256K, reserved 1091584K
  class space    used 6001K, capacity 6235K, committed 6272K, reserved 1048576K
Event: 70.222 GC heap after
Heap after GC invocations=14 (full 2):
 PSYoungGen      total 254464K, used 14818K [0x00000000ecc00000, 0x00000000fe700000, 0x0000000100000000)
  eden space 239616K, 0% used [0x00000000ecc00000,0x00000000ecc00000,0x00000000fb600000)
  from space 14848K, 99% used [0x00000000fc780000,0x00000000fd5f8848,0x00000000fd600000)
  to   space 17920K, 0% used [0x00000000fb600000,0x00000000fb600000,0x00000000fc780000)
 ParOldGen       total 62976K, used 29631K [0x00000000c6400000, 0x00000000ca180000, 0x00000000ecc00000)
  object space 62976K, 47% used [0x00000000c6400000,0x00000000c80efc80,0x00000000ca180000)
 Metaspace       used 47042K, capacity 48042K, committed 48256K, reserved 1091584K
  class space    used 6001K, capacity 6235K, committed 6272K, reserved 1048576K
}

